Tabata_timer/app/build/intermediates/manifest_merge_blame_file/debug/manifest-merger-blame-debug-report.txt
1<?xml version="1.0" encoding="utf-8"?>
2<manifest xmlns:android="http://schemas.android.com/apk/res/android"
3    package="ppo.tabata"
4    android:versionCode="1"
5    android:versionName="1.0" >
6
7    <uses-sdk
8        android:minSdkVersion="23"
8-->src\main\AndroidManifest.xml
9        android:targetSdkVersion="30" />
9-->src\main\AndroidManifest.xml
10
11    <supports-screens
11-->src\main\AndroidManifest.xml:5:5-9:39
12        android:anyDensity="true"
12-->src\main\AndroidManifest.xml:6:9-34
13        android:largeScreens="true"
13-->src\main\AndroidManifest.xml:7:9-36
14        android:normalScreens="true"
14-->src\main\AndroidManifest.xml:8:9-37
15        android:smallScreens="true" />
15-->src\main\AndroidManifest.xml:9:9-36
16
17    <application
17-->src\main\AndroidManifest.xml:11:5-41:19
18        android:name="ppo.tabata.utility.TabataApp"
18-->src\main\AndroidManifest.xml:12:9-42
19        android:appComponentFactory="androidx.core.app.CoreComponentFactory"
19-->[androidx.core:core:1.3.1] AndroidManifest.xml:24:18-86
20        android:debuggable="true"
21        android:extractNativeLibs="false"
22        android:icon="@mipmap/ic_launcher"
22-->src\main\AndroidManifest.xml:13:9-43
23        android:label="@string/app_name"
23-->src\main\AndroidManifest.xml:14:9-41
24        android:roundIcon="@mipmap/ic_launcher_round"
24-->src\main\AndroidManifest.xml:15:9-54
25        android:supportsRtl="true"
25-->src\main\AndroidManifest.xml:16:9-35
26        android:testOnly="true"
27        android:theme="@style/Theme.Tabata" >
27-->src\main\AndroidManifest.xml:17:9-44
28        <activity
28-->src\main\AndroidManifest.xml:19:9-23:59
29            android:name="ppo.tabata.ui.activities.TimerActivity"
29-->src\main\AndroidManifest.xml:20:13-56
30            android:configChanges="orientation"
30-->src\main\AndroidManifest.xml:21:13-48
31            android:label="@string/title_activity_timer"
31-->src\main\AndroidManifest.xml:23:13-57
32            android:screenOrientation="portrait" />
32-->src\main\AndroidManifest.xml:22:13-49
33        <activity
33-->src\main\AndroidManifest.xml:24:9-27:46
34            android:name="ppo.tabata.ui.activities.SettingsActivity"
34-->src\main\AndroidManifest.xml:25:13-59
35            android:configChanges="locale"
35-->src\main\AndroidManifest.xml:27:13-43
36            android:screenOrientation="portrait" />
36-->src\main\AndroidManifest.xml:26:13-49
37        <activity
37-->src\main\AndroidManifest.xml:28:9-40:20
38            android:name="ppo.tabata.ui.activities.MainActivity"
38-->src\main\AndroidManifest.xml:29:13-55
39            android:configChanges="locale"
39-->src\main\AndroidManifest.xml:31:13-43
40            android:label="@string/app_name"
40-->src\main\AndroidManifest.xml:33:13-45
41            android:screenOrientation="portrait"
41-->src\main\AndroidManifest.xml:32:13-49
42            android:theme="@style/Theme.Tabata.NoActionBar.Launcher"
42-->src\main\AndroidManifest.xml:34:13-69
43            android:windowSoftInputMode="adjustPan" >
43-->src\main\AndroidManifest.xml:30:13-52
44            <intent-filter>
44-->src\main\AndroidManifest.xml:35:13-39:29
45                <action android:name="android.intent.action.MAIN" />
45-->src\main\AndroidManifest.xml:36:17-69
45-->src\main\AndroidManifest.xml:36:25-66
46
47                <category android:name="android.intent.category.LAUNCHER" />
47-->src\main\AndroidManifest.xml:38:17-77
47-->src\main\AndroidManifest.xml:38:27-74
48            </intent-filter>
49        </activity>
50
51        <service
51-->[androidx.room:room-runtime:2.2.5] AndroidManifest.xml:25:9-28:40
52            android:name="androidx.room.MultiInstanceInvalidationService"
52-->[androidx.room:room-runtime:2.2.5] AndroidManifest.xml:26:13-74
53            android:directBootAware="true"
53-->[androidx.room:room-runtime:2.2.5] AndroidManifest.xml:27:13-43
54            android:exported="false" />
54-->[androidx.room:room-runtime:2.2.5] AndroidManifest.xml:28:13-37
55    </application>
56
57</manifest>